2024-05-26 05:42:47.5353|DEBUG|Program|location of wsfscservice is: C:\Users\beheerder\.nuget\packages\websharper.fsharp\7.0.6.454-beta5\tools\net6.0\win-x64 (server side)
2024-05-26 05:42:47.5353|DEBUG|Program|pipename is: C:\Users\beheerder\.nuget\packages\websharper.fsharp\7.0.6.454-beta5\tools\net6.0\win-x64 (server side)
2024-05-26 05:42:47.5507|DEBUG|Program|Compiling C:\Users\beheerder\Documents\Programming I Projects\Hub\Hub.fsproj
2024-05-26 05:42:59.0543|TRACE|Program|Server sends: n: F# compilation: 00:00:11.6539032
2024-05-26 05:43:04.2990|TRACE|Program|Server sends: n: Checking project: 00:00:05.2463291
2024-05-26 05:43:04.2990|TRACE|Program|Server sends: n: Waiting on merged metadata: 00:00:00.0028196
2024-05-26 05:43:04.4672|TRACE|Program|Server sends: n: Parsing with FCS: 00:00:00.1653008
2024-05-26 05:43:04.4672|TRACE|Program|Server sends: n: Analyzing function arguments: 00:00:00.0034286
2024-05-26 05:43:04.4820|TRACE|Program|Server sends: n: Resolving names: 00:00:00.0113994
2024-05-26 05:43:04.6410|TRACE|Program|Server sends: n: WebSharper translation: 00:00:00.1589634
2024-05-26 05:43:04.6634|TRACE|Program|Server sends: n: Source position transformations: 00:00:00.0223922
2024-05-26 05:43:04.6689|TRACE|Program|Server sends: n: Packaging assembly: 00:00:00.0055499
2024-05-26 05:43:04.8338|TRACE|Program|Server sends: n: Writing Hub.Pages.js: 00:00:00.1649320
2024-05-26 05:43:04.8338|TRACE|Program|Server sends: n: Writing Hub.Client.js: 00:00:00.0022678
2024-05-26 05:43:04.8338|TRACE|Program|Server sends: n: Writing $StartupCode_Client.js: 00:00:00.0016689
2024-05-26 05:43:04.8338|TRACE|Program|Server sends: n: Writing $Generated.js: 00:00:00.0013557
2024-05-26 05:43:04.8417|TRACE|Program|Server sends: n: Writing $EntryPoint.js: 00:00:00.0025339
2024-05-26 05:43:04.8417|TRACE|Program|Server sends: n: Writing .d.ts files: 00:00:00.0097941
2024-05-26 05:43:04.8417|TRACE|Program|Server sends: n: Hashing resources: 00:00:00.0032311
2024-05-26 05:43:05.7838|TRACE|Program|Server sends: n: Serializing metadata: 00:00:00.9291270
2024-05-26 05:43:05.8145|TRACE|Program|Server sends: n: Writing resources into assembly: 00:00:00.0306813
2024-05-26 05:43:06.0341|TRACE|Program|Server sends: n: Bundling: 00:00:00.2196043
2024-05-26 05:43:06.0541|TRACE|Program|Server sends: x: 0
